<?xml version="1.0" encoding="UTF-8"?>
<testsuite name="com.example.leaderboard.domain.RankingEngineTest" tests="5" skipped="0" failures="0" errors="0" timestamp="2026-06-10T18:53:16.264Z" hostname="DESKTOP-JKIIMJ6" time="0.02">
  <properties/>
  <testcase name="applyUpdateAndRank only increases score" classname="com.example.leaderboard.domain.RankingEngineTest" time="0.01"/>
  <testcase name="competition ranking assigns same rank for tied scores and skips next" classname="com.example.leaderboard.domain.RankingEngineTest" time="0.003"/>
  <testcase name="rank change reflects movement after score update" classname="com.example.leaderboard.domain.RankingEngineTest" time="0.002"/>
  <testcase name="initial ranking ties all players at rank 1" classname="com.example.leaderboard.domain.RankingEngineTest" time="0.0"/>
  <testcase name="applyUpdateAndRank sorts by score descending" classname="com.example.leaderboard.domain.RankingEngineTest" time="0.001"/>
  <system-out><![CDATA[]]></system-out>
  <system-err><![CDATA[]]></system-err>
</testsuite>
