<?xml version="1.0" encoding="UTF-8"?>
<testsuite name="com.example.leaderboard.domain.LeaderboardModuleTest" tests="2" skipped="0" failures="0" errors="0" timestamp="2026-06-10T18:53:14.616Z" hostname="DESKTOP-JKIIMJ6" time="1.588">
  <properties/>
  <testcase name="start is idempotent and does not duplicate collectors" classname="com.example.leaderboard.domain.LeaderboardModuleTest" time="1.55"/>
  <testcase name="start initializes all players at rank 1" classname="com.example.leaderboard.domain.LeaderboardModuleTest" time="0.005"/>
  <system-out><![CDATA[]]></system-out>
  <system-err><![CDATA[]]></system-err>
</testsuite>
